<?xml version="1.0" encoding="UTF-8"?>
<testng-results total="1" passed="1" failed="0" skipped="0">
  <reporter-output>
  </reporter-output>
  <suite started-at="2022-11-07T09:28:48Z" name="Default suite" finished-at="2022-11-07T09:29:08Z" duration-ms="19617">
    <groups>
    </groups>
    <test started-at="2022-11-07T09:28:48Z" name="Default test" finished-at="2022-11-07T09:29:08Z" duration-ms="19617">
      <class name="mavensecond.window">
        <test-method is-config="true" signature="beforetest()[pri:0, instance:mavensecond.window@1583741e]" started-at="2022-11-07T14:58:48Z" name="beforetest" finished-at="2022-11-07T14:58:55Z" duration-ms="7348" status="PASS">
          <reporter-output>
          </reporter-output>
        </test-method> <!-- beforetest -->
        <test-method signature="windowhandles()[pri:0, instance:mavensecond.window@1583741e]" started-at="2022-11-07T14:58:55Z" name="windowhandles" finished-at="2022-11-07T14:59:08Z" duration-ms="12247" status="PASS">
          <reporter-output>
          </reporter-output>
        </test-method> <!-- windowhandles -->
      </class> <!-- mavensecond.window -->
    </test> <!-- Default test -->
  </suite> <!-- Default suite -->
</testng-results>
