<?xml version="1.0" encoding="UTF-8"?>
<testng-results total="2" passed="2" failed="0" skipped="0">
  <reporter-output>
  </reporter-output>
  <suite started-at="2022-10-11T09:00:00Z" name="Surefire suite" finished-at="2022-10-11T09:00:21Z" duration-ms="21624">
    <groups>
    </groups>
    <test started-at="2022-10-11T09:00:00Z" name="Surefire test" finished-at="2022-10-11T09:00:21Z" duration-ms="21624">
      <class name="mavensecond.gurudemo">
        <test-method is-config="true" signature="beforetest()[pri:0, instance:mavensecond.gurudemo@77888435]" started-at="2022-10-11T14:30:00Z" name="beforetest" finished-at="2022-10-11T14:30:10Z" duration-ms="10748" status="PASS">
          <reporter-output>
          </reporter-output>
        </test-method> <!-- beforetest -->
        <test-method signature="Testcase1()[pri:0, instance:mavensecond.gurudemo@77888435]" started-at="2022-10-11T14:30:10Z" name="Testcase1" finished-at="2022-10-11T14:30:15Z" duration-ms="4590" status="PASS">
          <reporter-output>
          </reporter-output>
        </test-method> <!-- Testcase1 -->
        <test-method signature="Testcase2()[pri:1, instance:mavensecond.gurudemo@77888435]" started-at="2022-10-11T14:30:15Z" name="Testcase2" finished-at="2022-10-11T14:30:21Z" duration-ms="5840" status="PASS">
          <reporter-output>
          </reporter-output>
        </test-method> <!-- Testcase2 -->
        <test-method is-config="true" signature="aftertest()[pri:0, instance:mavensecond.gurudemo@77888435]" started-at="2022-10-11T14:30:21Z" name="aftertest" finished-at="2022-10-11T14:30:21Z" duration-ms="435" status="PASS">
          <reporter-output>
          </reporter-output>
        </test-method> <!-- aftertest -->
      </class> <!-- mavensecond.gurudemo -->
    </test> <!-- Surefire test -->
  </suite> <!-- Surefire suite -->
</testng-results>
